<?xml version="1.0" encoding="UTF-8"?>
<robot generator="Robot 3.1 (Python 3.7.2 on win32)" generated="20181228 16:09:49.345" rpa="false">
<suite id="s1" name="TestSitePractice" source="C:\Users\carolina.mesquita.RSINET\Desktop\robot\curso_robot_framework\tests\TestSitePractice.robot">
<test id="s1-t1" name="Validar acesso ao blog robotzandotestes">
<kw name="Abrir navegador" library="Resource" type="setup">
<kw name="Open Browser" library="Selenium2Library">
<doc>Opens a new browser instance to the given ``url``.</doc>
<arguments>
<arg>${URL}</arg>
<arg>${BROWSER}</arg>
</arguments>
<msg timestamp="20181228 16:09:49.560" level="INFO">Opening browser 'Chrome' to base url 'http://automationpractice.com'.</msg>
<status status="PASS" starttime="20181228 16:09:49.560" endtime="20181228 16:09:56.912"></status>
</kw>
<kw name="Wait Until Element Is Visible" library="Selenium2Library">
<doc>Waits until element ``locator`` is visible.</doc>
<arguments>
<arg>${CABECALHO}</arg>
</arguments>
<kw name="Capture Page Screenshot" library="Selenium2Library">
<doc>Takes screenshot of the current page and embeds it into log file.</doc>
<msg timestamp="20181228 16:10:02.461" level="INFO" html="yes">&lt;/td&gt;&lt;/tr&gt;&lt;tr&gt;&lt;td colspan="3"&gt;&lt;a href="selenium-screenshot-1.png"&gt;&lt;img src="selenium-screenshot-1.png" width="800px"&gt;&lt;/a&gt;</msg>
<status status="PASS" starttime="20181228 16:10:02.007" endtime="20181228 16:10:02.461"></status>
</kw>
<msg timestamp="20181228 16:10:02.475" level="FAIL">Element 'Header1' not visible after 5 seconds.</msg>
<status status="FAIL" starttime="20181228 16:09:56.912" endtime="20181228 16:10:02.476"></status>
</kw>
<status status="FAIL" starttime="20181228 16:09:49.559" endtime="20181228 16:10:02.476"></status>
</kw>
<kw name="Fechar navegador" library="Resource" type="teardown">
<kw name="Close Browser" library="Selenium2Library">
<doc>Closes the current browser.</doc>
<status status="PASS" starttime="20181228 16:10:02.477" endtime="20181228 16:10:04.596"></status>
</kw>
<status status="PASS" starttime="20181228 16:10:02.476" endtime="20181228 16:10:04.596"></status>
</kw>
<status status="FAIL" starttime="20181228 16:09:49.558" endtime="20181228 16:10:04.597" critical="yes">Setup failed:
Element 'Header1' not visible after 5 seconds.</status>
</test>
<test id="s1-t2" name="Validar pequisa de postagens">
<kw name="Abrir navegador" library="Resource" type="setup">
<kw name="Open Browser" library="Selenium2Library">
<doc>Opens a new browser instance to the given ``url``.</doc>
<arguments>
<arg>${URL}</arg>
<arg>${BROWSER}</arg>
</arguments>
<msg timestamp="20181228 16:10:04.602" level="INFO">Opening browser 'Chrome' to base url 'http://automationpractice.com'.</msg>
<status status="PASS" starttime="20181228 16:10:04.602" endtime="20181228 16:10:12.436"></status>
</kw>
<kw name="Wait Until Element Is Visible" library="Selenium2Library">
<doc>Waits until element ``locator`` is visible.</doc>
<arguments>
<arg>${CABECALHO}</arg>
</arguments>
<kw name="Capture Page Screenshot" library="Selenium2Library">
<doc>Takes screenshot of the current page and embeds it into log file.</doc>
<msg timestamp="20181228 16:10:18.064" level="INFO" html="yes">&lt;/td&gt;&lt;/tr&gt;&lt;tr&gt;&lt;td colspan="3"&gt;&lt;a href="selenium-screenshot-2.png"&gt;&lt;img src="selenium-screenshot-2.png" width="800px"&gt;&lt;/a&gt;</msg>
<status status="PASS" starttime="20181228 16:10:17.602" endtime="20181228 16:10:18.064"></status>
</kw>
<msg timestamp="20181228 16:10:18.065" level="FAIL">Element 'Header1' not visible after 5 seconds.</msg>
<status status="FAIL" starttime="20181228 16:10:12.436" endtime="20181228 16:10:18.065"></status>
</kw>
<status status="FAIL" starttime="20181228 16:10:04.601" endtime="20181228 16:10:18.065"></status>
</kw>
<kw name="Fechar navegador" library="Resource" type="teardown">
<kw name="Close Browser" library="Selenium2Library">
<doc>Closes the current browser.</doc>
<status status="PASS" starttime="20181228 16:10:18.066" endtime="20181228 16:10:20.175"></status>
</kw>
<status status="PASS" starttime="20181228 16:10:18.066" endtime="20181228 16:10:20.175"></status>
</kw>
<status status="FAIL" starttime="20181228 16:10:04.600" endtime="20181228 16:10:20.176" critical="yes">Setup failed:
Element 'Header1' not visible after 5 seconds.</status>
</test>
<status status="FAIL" starttime="20181228 16:09:49.347" endtime="20181228 16:10:20.179"></status>
</suite>
<statistics>
<total>
<stat pass="0" fail="2">Critical Tests</stat>
<stat pass="0" fail="2">All Tests</stat>
</total>
<tag>
</tag>
<suite>
<stat pass="0" fail="2" id="s1" name="TestSitePractice">TestSitePractice</stat>
</suite>
</statistics>
<errors>
</errors>
</robot>
