<?xml version="1.0" encoding="UTF-8"?>
<robot generator="Robot 3.1.1 (Python 3.7.2 on win32)" generated="20190111 14:54:42.182" rpa="false">
<suite id="s1" name="TestSite" source="C:\Users\carolina.mesquita\Documents\curso_robot_framework\tests\TestSite.robot">
<test id="s1-t1" name="Caso de Teste 01: Pesquisar Produtos Existentes">
<kw name="Acessar pagina home do site" library="Resource">
<kw name="Open Browser" library="Selenium2Library">
<doc>Opens a new browser instance to the given ``url``.</doc>
<arguments>
<arg>about:blank</arg>
<arg>${BROWSER}</arg>
</arguments>
<msg timestamp="20190111 14:54:42.424" level="INFO">Opening browser 'chrome' to base url 'about:blank'.</msg>
<status status="PASS" starttime="20190111 14:54:42.423" endtime="20190111 14:54:44.972"></status>
</kw>
<kw name="Title Should Be" library="Selenium2Library">
<doc>Verifies that current page title equals ``title``.</doc>
<arguments>
<arg>${tituloHome}</arg>
</arguments>
<kw name="Capture Page Screenshot" library="Selenium2Library">
<doc>Takes screenshot of the current page and embeds it into log file.</doc>
<msg timestamp="20190111 14:54:45.286" level="INFO" html="yes">&lt;/td&gt;&lt;/tr&gt;&lt;tr&gt;&lt;td colspan="3"&gt;&lt;a href="selenium-screenshot-1.png"&gt;&lt;img src="selenium-screenshot-1.png" width="800px"&gt;&lt;/a&gt;</msg>
<status status="PASS" starttime="20190111 14:54:44.980" endtime="20190111 14:54:45.286"></status>
</kw>
<msg timestamp="20190111 14:54:45.289" level="FAIL">Title should have been 'My Store' but was ''.</msg>
<status status="FAIL" starttime="20190111 14:54:44.972" endtime="20190111 14:54:45.289"></status>
</kw>
<status status="FAIL" starttime="20190111 14:54:42.423" endtime="20190111 14:54:45.289"></status>
</kw>
<status status="FAIL" starttime="20190111 14:54:42.422" endtime="20190111 14:54:45.290" critical="yes">Title should have been 'My Store' but was ''.</status>
</test>
<test id="s1-t2" name="Caso de Teste 02: Pesquisar Produtos não Existentes">
<kw name="Abrir navegador" type="setup">
<msg timestamp="20190111 14:54:45.297" level="FAIL">No keyword with name 'Abrir navegador' found.</msg>
<status status="FAIL" starttime="20190111 14:54:45.296" endtime="20190111 14:54:45.297"></status>
</kw>
<status status="FAIL" starttime="20190111 14:54:45.292" endtime="20190111 14:54:45.297" critical="yes">Setup failed:
No keyword with name 'Abrir navegador' found.</status>
</test>
<status status="FAIL" starttime="20190111 14:54:42.185" endtime="20190111 14:54:45.300"></status>
</suite>
<statistics>
<total>
<stat pass="0" fail="2">Critical Tests</stat>
<stat pass="0" fail="2">All Tests</stat>
</total>
<tag>
</tag>
<suite>
<stat pass="0" fail="2" id="s1" name="TestSite">TestSite</stat>
</suite>
</statistics>
<errors>
</errors>
</robot>
